-------------------------------------------------------------------------------
Test set: usantatecla.TwoClosedIntervalsTest
-------------------------------------------------------------------------------
Tests run: 7, Failures: 1, Errors: 0, Skipped: 0, Time elapsed: 0.019 sec <<< FAILURE! - in usantatecla.TwoClosedIntervalsTest
givenTwoIntervalsWhenFirstIntersectsSecondIntervalThenTrue5()  Time elapsed: 0.012 sec  <<< FAILURE!
org.opentest4j.AssertionFailedError: expected: <true> but was: <false>
	at usantatecla.TwoClosedIntervalsTest.givenTwoIntervalsWhenFirstIntersectsSecondIntervalThenTrue5(TwoClosedIntervalsTest.java:72)

