-------------------------------------------------------------------------------
Test set: usantatecla.TwoOpenIntervalsTest
-------------------------------------------------------------------------------
Tests run: 1, Failures: 1, Errors: 0, Skipped: 0, Time elapsed: 0.01 sec <<< FAILURE! - in usantatecla.TwoOpenIntervalsTest
givenTwoIntervalsWhenFirstIncludeSecondIntervalThenTrue()  Time elapsed: 0.009 sec  <<< FAILURE!
java.lang.AssertionError
	at usantatecla.TwoOpenIntervalsTest.givenTwoIntervalsWhenFirstIncludeSecondIntervalThenTrue(TwoOpenIntervalsTest.java:32)

