-------------------------------------------------------------------------------
Test set: usantatecla.TwoOpenIntervalsTest
-------------------------------------------------------------------------------
Tests run: 7, Failures: 1, Errors: 0, Skipped: 0, Time elapsed: 0.016 sec <<< FAILURE! - in usantatecla.TwoOpenIntervalsTest
givenTwoIntervalsWhenFirstIntersectsSecondIntervalThenFalse3()  Time elapsed: 0.01 sec  <<< FAILURE!
org.opentest4j.AssertionFailedError: expected: <false> but was: <true>
	at usantatecla.TwoOpenIntervalsTest.givenTwoIntervalsWhenFirstIntersectsSecondIntervalThenFalse3(TwoOpenIntervalsTest.java:72)

